Starting WebSocket server...
Starting Flask application...
	call to super... Done
	loading config...
		loading dotenv... Done
		loading config from file... Done
	initializing db... Done
	setting up custom variables... Done
	defining routes...
		importing blueprints... Done
		registering CORS... Done
		registering blueprints... Done
	routes defined
	initializing fabricator list...
		setting app... Done
		initializing fabricator table... Done
		querying fabricators... Done: 0 fabricators found
		initializing fabricator threads...
	fabricator threads initialized
fabricator list initialized
setting up static routes... Done
Flask application started
Loading Discord bot config...
Discord bot configuration loaded
Discord bot is disabled
 * Debug mode: off
